app/build/outputs/logs/manifest-merger-debug-report.txt
-- Merging decision tree log ---
manifest
ADDED from src\main\AndroidManifest.xml:2:1-82:12
	package
		ADDED from src\main\AndroidManifest.xml:3:5-46
		INJECTED from src\main\AndroidManifest.xml
		INJECTED from src\main\AndroidManifest.xml
	android:versionName
		ADDED from src\main\AndroidManifest.xml:5:5-30
		INJECTED from src\main\AndroidManifest.xml
		INJECTED from src\main\AndroidManifest.xml
	android:versionCode
		ADDED from src\main\AndroidManifest.xml:4:5-28
		INJECTED from src\main\AndroidManifest.xml
		INJECTED from src\main\AndroidManifest.xml
	xmlns:android
		ADDED from src\main\AndroidManifest.xml:2:11-69
uses-sdk
ADDED from src\main\AndroidManifest.xml:7:5-9:41
	android:targetSdkVersion
		ADDED from src\main\AndroidManifest.xml:9:9-38
		INJECTED from src\main\AndroidManifest.xml
		INJECTED from src\main\AndroidManifest.xml
	android:minSdkVersion
		ADDED from src\main\AndroidManifest.xml:8:9-35
		INJECTED from src\main\AndroidManifest.xml
		INJECTED from src\main\AndroidManifest.xml
application
ADDED from src\main\AndroidManifest.xml:11:5-80:19
	android:label
		ADDED from src\main\AndroidManifest.xml:14:9-41
	android:allowBackup
		ADDED from src\main\AndroidManifest.xml:12:9-35
	android:icon
		ADDED from src\main\AndroidManifest.xml:13:9-45
	android:theme
		ADDED from src\main\AndroidManifest.xml:15:9-40
activity#com.example.naval_passwordsaver.MainPage
ADDED from src\main\AndroidManifest.xml:16:9-24:20
	android:label
		ADDED from src\main\AndroidManifest.xml:18:13-45
	android:name
		ADDED from src\main\AndroidManifest.xml:17:13-68
intent-filter#android.intent.action.MAIN+android.intent.category.LAUNCHER
ADDED from src\main\AndroidManifest.xml:19:13-23:29
action#android.intent.action.MAIN
ADDED from src\main\AndroidManifest.xml:20:17-69
	android:name
		ADDED from src\main\AndroidManifest.xml:20:25-66
category#android.intent.category.LAUNCHER
ADDED from src\main\AndroidManifest.xml:22:17-77
	android:name
		ADDED from src\main\AndroidManifest.xml:22:27-74
activity#com.example.naval_passwordsaver.PasswordSaver_Activity
ADDED from src\main\AndroidManifest.xml:25:11-27:24
	android:name
		ADDED from src\main\AndroidManifest.xml:26:16-54
activity#com.example.naval_passwordsaver.Passwordmain_page
ADDED from src\main\AndroidManifest.xml:28:16-30:24
	android:name
		ADDED from src\main\AndroidManifest.xml:29:13-77
activity#com.example.naval_passwordsaver.Signup_form
ADDED from src\main\AndroidManifest.xml:31:17-33:24
	android:name
		ADDED from src\main\AndroidManifest.xml:32:13-71
activity#com.example.naval_passwordsaver.Setting_page
ADDED from src\main\AndroidManifest.xml:34:13-36:24
	android:name
		ADDED from src\main\AndroidManifest.xml:35:13-72
activity#com.example.naval_passwordsaver.Pwd_Add
ADDED from src\main\AndroidManifest.xml:37:14-39:24
	android:name
		ADDED from src\main\AndroidManifest.xml:38:13-67
activity#com.example.naval_passwordsaver.About
ADDED from src\main\AndroidManifest.xml:40:4-42:24
	android:name
		ADDED from src\main\AndroidManifest.xml:41:13-65
activity#com.example.naval_passwordsaver.Pwd_List
ADDED from src\main\AndroidManifest.xml:43:13-46:24
	android:label
		ADDED from src\main\AndroidManifest.xml:45:14-47
	android:name
		ADDED from src\main\AndroidManifest.xml:44:13-68
activity#com.example.naval_passwordsaver.Pwd_Manage
ADDED from src\main\AndroidManifest.xml:47:13-49:24
	android:name
		ADDED from src\main\AndroidManifest.xml:48:13-70
activity#com.example.naval_passwordsaver.Pwd_Change1
ADDED from src\main\AndroidManifest.xml:50:13-52:24
	android:name
		ADDED from src\main\AndroidManifest.xml:51:13-71
activity#com.example.naval_passwordsaver.Pwd_Change2
ADDED from src\main\AndroidManifest.xml:53:13-55:24
	android:name
		ADDED from src\main\AndroidManifest.xml:54:13-71
activity#com.example.naval_passwordsaver.Pwd_Delete1
ADDED from src\main\AndroidManifest.xml:56:13-58:24
	android:name
		ADDED from src\main\AndroidManifest.xml:57:13-71
activity#com.example.naval_passwordsaver.Secques_Validate
ADDED from src\main\AndroidManifest.xml:59:15-61:24
	android:name
		ADDED from src\main\AndroidManifest.xml:60:13-76
activity#com.example.naval_passwordsaver.Usrpwd_Change
ADDED from src\main\AndroidManifest.xml:62:15-64:24
	android:name
		ADDED from src\main\AndroidManifest.xml:63:13-73
activity#com.example.naval_passwordsaver.Passwordmain_Navdrawer
ADDED from src\main\AndroidManifest.xml:65:15-67:24
	android:name
		ADDED from src\main\AndroidManifest.xml:66:13-82
activity#com.example.naval_passwordsaver.Pwd_List_Expandlist
ADDED from src\main\AndroidManifest.xml:68:13-70:24
	android:name
		ADDED from src\main\AndroidManifest.xml:69:13-79
activity#com.example.naval_passwordsaver.Password_Search
ADDED from src\main\AndroidManifest.xml:71:13-73:24
	android:name
		ADDED from src\main\AndroidManifest.xml:72:13-75
activity#com.example.naval_passwordsaver.Password_Search_List
ADDED from src\main\AndroidManifest.xml:74:14-76:24
	android:name
		ADDED from src\main\AndroidManifest.xml:75:13-80
activity#com.example.naval_passwordsaver.Pwd_Delete2
ADDED from src\main\AndroidManifest.xml:77:13-79:24
	android:name
		ADDED from src\main\AndroidManifest.xml:78:13-71